mode: set
/Users/mlabouardy/github/Building-Distributed-Applications-in-Gin/chapter7/api-without-db/main.go:52.41,54.2 1 1
/Users/mlabouardy/github/Building-Distributed-Applications-in-Gin/chapter7/api-without-db/main.go:66.39,68.50 2 1
/Users/mlabouardy/github/Building-Distributed-Applications-in-Gin/chapter7/api-without-db/main.go:73.2,78.31 4 1
/Users/mlabouardy/github/Building-Distributed-Applications-in-Gin/chapter7/api-without-db/main.go:68.50,71.3 2 0
/Users/mlabouardy/github/Building-Distributed-Applications-in-Gin/chapter7/api-without-db/main.go:99.42,102.50 3 1
/Users/mlabouardy/github/Building-Distributed-Applications-in-Gin/chapter7/api-without-db/main.go:106.2,109.36 3 1
/Users/mlabouardy/github/Building-Distributed-Applications-in-Gin/chapter7/api-without-db/main.go:115.2,115.17 1 1
/Users/mlabouardy/github/Building-Distributed-Applications-in-Gin/chapter7/api-without-db/main.go:120.2,122.31 2 1
/Users/mlabouardy/github/Building-Distributed-Applications-in-Gin/chapter7/api-without-db/main.go:102.50,105.3 2 0
/Users/mlabouardy/github/Building-Distributed-Applications-in-Gin/chapter7/api-without-db/main.go:109.36,110.26 1 1
/Users/mlabouardy/github/Building-Distributed-Applications-in-Gin/chapter7/api-without-db/main.go:110.26,112.4 1 1
/Users/mlabouardy/github/Building-Distributed-Applications-in-Gin/chapter7/api-without-db/main.go:115.17,118.3 2 1
/Users/mlabouardy/github/Building-Distributed-Applications-in-Gin/chapter7/api-without-db/main.go:141.42,145.36 3 0
/Users/mlabouardy/github/Building-Distributed-Applications-in-Gin/chapter7/api-without-db/main.go:151.2,151.17 1 0
/Users/mlabouardy/github/Building-Distributed-Applications-in-Gin/chapter7/api-without-db/main.go:156.2,158.68 2 0
/Users/mlabouardy/github/Building-Distributed-Applications-in-Gin/chapter7/api-without-db/main.go:145.36,146.26 1 0
/Users/mlabouardy/github/Building-Distributed-Applications-in-Gin/chapter7/api-without-db/main.go:146.26,148.4 1 0
/Users/mlabouardy/github/Building-Distributed-Applications-in-Gin/chapter7/api-without-db/main.go:151.17,154.3 2 0
/Users/mlabouardy/github/Building-Distributed-Applications-in-Gin/chapter7/api-without-db/main.go:175.43,179.36 3 0
/Users/mlabouardy/github/Building-Distributed-Applications-in-Gin/chapter7/api-without-db/main.go:191.2,191.38 1 0
/Users/mlabouardy/github/Building-Distributed-Applications-in-Gin/chapter7/api-without-db/main.go:179.36,181.37 2 0
/Users/mlabouardy/github/Building-Distributed-Applications-in-Gin/chapter7/api-without-db/main.go:186.3,186.12 1 0
/Users/mlabouardy/github/Building-Distributed-Applications-in-Gin/chapter7/api-without-db/main.go:181.37,182.33 1 0
/Users/mlabouardy/github/Building-Distributed-Applications-in-Gin/chapter7/api-without-db/main.go:182.33,184.5 1 0
/Users/mlabouardy/github/Building-Distributed-Applications-in-Gin/chapter7/api-without-db/main.go:186.12,188.4 1 0
/Users/mlabouardy/github/Building-Distributed-Applications-in-Gin/chapter7/api-without-db/main.go:210.39,212.36 2 0
/Users/mlabouardy/github/Building-Distributed-Applications-in-Gin/chapter7/api-without-db/main.go:218.2,218.65 1 0
/Users/mlabouardy/github/Building-Distributed-Applications-in-Gin/chapter7/api-without-db/main.go:212.36,213.26 1 0
/Users/mlabouardy/github/Building-Distributed-Applications-in-Gin/chapter7/api-without-db/main.go:213.26,215.4 1 0
/Users/mlabouardy/github/Building-Distributed-Applications-in-Gin/chapter7/api-without-db/main.go:221.13,225.2 3 1
/Users/mlabouardy/github/Building-Distributed-Applications-in-Gin/chapter7/api-without-db/main.go:227.13,235.2 7 0
